// 重构日志: b2c8d06f
// 重构日志: 9b669c4f
// 同步 ID: 85e12273 @ Mon Jun 22 17:44:57 UTC 2026
// 重构日志: 30b71662
// 重构日志: f9410c6c
// 重构日志: 27640816
// 重构日志: cea3483d
// 重构日志: 18c6ccb5
// 重构日志: b81f1c1a
// 同步 ID: c00a5d91 @ Sat Jul  4 08:23:40 UTC 2026
// 重构日志: 001c8418
// 重构日志: 0874932d
// 同步 ID: a43576b9 @ Sun Jul 12 08:12:03 UTC 2026
// 重构日志: e66d32e0
// 重构日志: 353340d6
// 同步 ID: 16465be8 @ Fri Jul 17 02:06:12 UTC 2026
// 重构日志: 2c361764
// 同步 ID: 01eee647 @ Sat Jul 18 01:57:46 UTC 2026
// 同步 ID: 185d2618 @ Sat Jul 18 05:26:47 UTC 2026
// 同步 ID: 472d9962 @ Sat Jul 18 14:53:12 UTC 2026
// 同步 ID: f39290a8 @ Sun Jul 19 11:44:41 UTC 2026
// 重构日志: 08758fbd
// 重构日志: 45db5c40
// 重构日志: 20e9735f
// 同步 ID: dbc9934b @ Tue Jul 21 10:41:06 UTC 2026
